<?xml version="1.0" encoding="UTF-8"?>
<testng-results skipped="0" failed="0" ignored="0" total="1" passed="1">
  <reporter-output>
  </reporter-output>
  <suite name="Default suite" duration-ms="2478" started-at="2020-02-23T13:12:58Z" finished-at="2020-02-23T13:13:00Z">
    <groups>
    </groups>
    <test name="Default test" duration-ms="2478" started-at="2020-02-23T13:12:58Z" finished-at="2020-02-23T13:13:00Z">
      <class name="SumValidation">
        <test-method status="PASS" signature="sumOfCourses()[pri:0, instance:SumValidation@5ae9a829]" name="sumOfCourses" duration-ms="2407" started-at="2020-02-23T13:12:58Z" finished-at="2020-02-23T13:13:00Z">
          <reporter-output>
          </reporter-output>
        </test-method> <!-- sumOfCourses -->
      </class> <!-- SumValidation -->
    </test> <!-- Default test -->
  </suite> <!-- Default suite -->
</testng-results>
